2026-05-19 15:18:55,947 - INFO - DockerManager initialized
2026-05-19 15:18:56,615 - INFO - 就绪，请连接SSH服务器
2026-05-19 15:19:01,972 - INFO - 正在连接 root@10.10.10.221:22 ...
2026-05-19 15:19:02,069 - INFO - ✅ SSH连接成功 10.10.10.221
2026-05-19 15:19:03,077 - INFO - 首页更新: 2容器 5镜像 5网络
2026-05-19 15:19:03,077 - INFO - ✅ Docker信息加载完成
2026-05-19 15:19:15,744 - INFO - ▶ 执行: docker rmi 1e8d02c76121
2026-05-19 15:19:15,877 - INFO - ✅ SSH连接成功 10.10.10.221
2026-05-19 15:19:15,879 - INFO - ▶ 执行: docker rmi 1e8d02c76121
2026-05-19 15:19:16,037 - INFO -   Untagged: aaaaddd11:2026051911
2026-05-19 15:19:16,037 - INFO -   Deleted: sha256:1e8d02c76121349da4dcec4b95d75059cde7857c14a04483b0016f50ac8b0564
2026-05-19 15:19:16,048 - INFO - ▶ 执行: echo OK
2026-05-19 15:19:16,090 - INFO -   OK
2026-05-19 15:19:16,091 - INFO - ✅ del_image_1e8d02c76121 操作成功!
2026-05-19 15:19:16,604 - INFO - 正在刷新Docker信息...
2026-05-19 15:19:16,686 - INFO - ✅ SSH连接成功 10.10.10.221
2026-05-19 15:19:17,489 - INFO - 首页更新: 2容器 4镜像 5网络
2026-05-19 15:19:17,489 - INFO - ✅ Docker信息加载完成
2026-05-19 15:19:24,962 - INFO - ▶ 查询 /opt/tar/ 中的镜像文件...
2026-05-19 15:19:25,039 - INFO - ✅ SSH连接成功 10.10.10.221
2026-05-19 15:19:25,040 - INFO - ▶ 执行: ls -1 /opt/tar/*.tar /opt/tar/*.tar.gz 2>/dev/null || echo '空'
2026-05-19 15:19:25,165 - INFO -   /opt/tar/104_20260518.tar
2026-05-19 15:19:25,167 - INFO -   /opt/tar/104_20260518 - 副本.tar
2026-05-19 15:19:25,167 - INFO -   /opt/tar/aaaaddd11_2026051911.tar
2026-05-19 15:19:25,167 - INFO -   /opt/tar/aaaaddd_20260519.tar
2026-05-19 15:19:25,167 - INFO -   /opt/tar/bbbbb_20260519.tar
2026-05-19 15:20:51,193 - INFO - 已断开连接
2026-05-19 15:20:51,194 - INFO - Disconnected
