2026-05-17 17:03:58,725 - INFO - [10.10.40.13] Docker 已连接, 版本: 26.1.4
2026-05-17 17:05:14,209 - INFO - 加载配置: 3 个模块
2026-05-17 17:05:47,328 - INFO - [SYL-cCCF01] 容器IP: 10.10.40.59
2026-05-17 17:05:47,485 - INFO - [SYL-cCCF01] SSH 连接失败: Authentication failed.
2026-05-17 17:05:50,985 - INFO - [SYL-cMRFP01] 容器IP: 10.10.40.68
2026-05-17 17:05:51,129 - INFO - [SYL-cMRFP01] SSH 连接失败: Authentication failed.
2026-05-17 17:06:35,448 - INFO - [错误] 无法读取: /opt
2026-05-17 17:06:37,087 - INFO - [错误] 无法读取: /opt
2026-05-17 17:06:39,019 - INFO - [错误] 无法读取: /opt
2026-05-17 17:06:41,368 - INFO - [错误] 无法读取: /opt
2026-05-17 17:06:49,823 - INFO - [错误] 无法读取: /opt
2026-05-17 17:06:57,903 - INFO - [错误] 无法读取: /opt/mswitch
2026-05-17 17:07:02,391 - INFO - [错误] 无法读取: /opt/mswitch
2026-05-17 17:07:05,562 - INFO - [错误] 无法读取: /opt/mswitch
2026-05-17 17:07:14,560 - INFO - [错误] 无法读取: /opt/mswitch/UTEx-BMCF
2026-05-17 17:13:40,657 - INFO - [SYL-cMRFP01] 容器IP: 10.10.40.68
2026-05-17 17:13:40,751 - INFO - [SYL-cMRFP01] SSH 连接失败: Authentication failed.
2026-05-17 17:14:23,729 - INFO - [错误] 无法读取: /opt/mswitch/
2026-05-17 17:14:24,893 - INFO - [错误] 无法读取: /opt/mswitch/UTEx-BMCF/backup
2026-05-17 17:14:33,313 - INFO - [错误] 路径不存在: /opt/mswitch/UTEx-BMCF/backup
2026-05-17 17:14:33,314 - INFO - [错误] 路径不存在: /opt/mswitch/UTEx-BMCF/backup
