2026-05-17 17:34:48,651 - INFO - [10.10.40.13] Docker 已连接, 版本: 26.1.4
2026-05-17 17:36:15,277 - INFO - 已加载: /opt/mswitch/UTEx-BMCF/nohup.out (538532 字符)
2026-05-17 17:36:21,036 - INFO - 已加载: /opt/mswitch/UTEx-BMCF/UTExCS.xml (22672 字符)
2026-05-17 17:42:16,265 - ERROR - DockerWorker error
Traceback (most recent call last):
  File "F:\python_project\self_tools\tool_box\Container_Manager_sub.py", line 110, in run
    m()
  File "F:\python_project\self_tools\tool_box\Container_Manager_sub.py", line 368, in _do_read_container_file
    out, err = self.ssh_exec(cmd)
               ^^^^^^^^^^^^^^^^^^
  File "F:\python_project\self_tools\tool_box\Container_Manager_sub.py", line 78, in ssh_exec
    out = stdout.read().decode().strip()
          ^^^^^^^^^^^^^^^^^^^^^^
UnicodeDecodeError: 'utf-8' codec can't decode byte 0xa1 in position 64117: invalid start byte
2026-05-17 17:42:16,265 - INFO - [错误] 'utf-8' codec can't decode byte 0xa1 in position 64117: invalid start byte
2026-05-17 17:42:19,019 - INFO - 已加载: /opt/mswitch/UTEx-BMCF/stop_UTExCS.sh (763 字符)
2026-05-17 17:42:20,803 - ERROR - DockerWorker error
Traceback (most recent call last):
  File "F:\python_project\self_tools\tool_box\Container_Manager_sub.py", line 110, in run
    m()
  File "F:\python_project\self_tools\tool_box\Container_Manager_sub.py", line 368, in _do_read_container_file
    out, err = self.ssh_exec(cmd)
               ^^^^^^^^^^^^^^^^^^
  File "F:\python_project\self_tools\tool_box\Container_Manager_sub.py", line 78, in ssh_exec
    out = stdout.read().decode().strip()
          ^^^^^^^^^^^^^^^^^^^^^^
UnicodeDecodeError: 'utf-8' codec can't decode byte 0xa1 in position 64117: invalid start byte
2026-05-17 17:42:20,803 - INFO - [错误] 'utf-8' codec can't decode byte 0xa1 in position 64117: invalid start byte
2026-05-17 17:42:25,651 - INFO - 已加载: /opt/mswitch/UTEx-BMCF/sver.bin (5 字符)
2026-05-17 17:42:26,459 - INFO - 已加载: /opt/mswitch/UTEx-BMCF/stop_UTExCS.sh (763 字符)
2026-05-17 17:42:27,652 - ERROR - DockerWorker error
Traceback (most recent call last):
  File "F:\python_project\self_tools\tool_box\Container_Manager_sub.py", line 110, in run
    m()
  File "F:\python_project\self_tools\tool_box\Container_Manager_sub.py", line 368, in _do_read_container_file
    out, err = self.ssh_exec(cmd)
               ^^^^^^^^^^^^^^^^^^
  File "F:\python_project\self_tools\tool_box\Container_Manager_sub.py", line 78, in ssh_exec
    out = stdout.read().decode().strip()
          ^^^^^^^^^^^^^^^^^^^^^^
UnicodeDecodeError: 'utf-8' codec can't decode byte 0xa1 in position 64117: invalid start byte
2026-05-17 17:42:27,652 - INFO - [错误] 'utf-8' codec can't decode byte 0xa1 in position 64117: invalid start byte
2026-05-17 17:42:28,992 - ERROR - DockerWorker error
Traceback (most recent call last):
  File "F:\python_project\self_tools\tool_box\Container_Manager_sub.py", line 110, in run
    m()
  File "F:\python_project\self_tools\tool_box\Container_Manager_sub.py", line 368, in _do_read_container_file
    out, err = self.ssh_exec(cmd)
               ^^^^^^^^^^^^^^^^^^
  File "F:\python_project\self_tools\tool_box\Container_Manager_sub.py", line 78, in ssh_exec
    out = stdout.read().decode().strip()
          ^^^^^^^^^^^^^^^^^^^^^^
UnicodeDecodeError: 'utf-8' codec can't decode byte 0xa1 in position 64117: invalid start byte
2026-05-17 17:42:28,993 - INFO - [错误] 'utf-8' codec can't decode byte 0xa1 in position 64117: invalid start byte
2026-05-17 17:42:31,282 - ERROR - DockerWorker error
Traceback (most recent call last):
  File "F:\python_project\self_tools\tool_box\Container_Manager_sub.py", line 110, in run
    m()
  File "F:\python_project\self_tools\tool_box\Container_Manager_sub.py", line 368, in _do_read_container_file
    out, err = self.ssh_exec(cmd)
               ^^^^^^^^^^^^^^^^^^
  File "F:\python_project\self_tools\tool_box\Container_Manager_sub.py", line 78, in ssh_exec
    out = stdout.read().decode().strip()
          ^^^^^^^^^^^^^^^^^^^^^^
UnicodeDecodeError: 'utf-8' codec can't decode byte 0xa1 in position 64117: invalid start byte
2026-05-17 17:42:31,283 - INFO - [错误] 'utf-8' codec can't decode byte 0xa1 in position 64117: invalid start byte
