2026-05-17 17:55:02,717 - ERROR - DockerWorker error
Traceback (most recent call last):
  File "F:\python_project\self_tools\tool_box\Container_Manager_sub.py", line 119, in run
    m()
  File "F:\python_project\self_tools\tool_box\Container_Manager_sub.py", line 147, in _do_connect
    c = self.ssh()
        ^^^^^^^^^^
  File "F:\python_project\self_tools\tool_box\Container_Manager_sub.py", line 69, in ssh
    c.get_transport().socket.settimeout(30)
    ^^^^^^^^^^^^^^^^^^^^^^^^
AttributeError: 'Transport' object has no attribute 'socket'. Did you mean: 'sock'?
2026-05-17 17:55:02,988 - INFO - [错误] 'Transport' object has no attribute 'socket'
2026-05-17 17:55:13,259 - ERROR - DockerWorker error
Traceback (most recent call last):
  File "F:\python_project\self_tools\tool_box\Container_Manager_sub.py", line 119, in run
    m()
  File "F:\python_project\self_tools\tool_box\Container_Manager_sub.py", line 147, in _do_connect
    c = self.ssh()
        ^^^^^^^^^^
  File "F:\python_project\self_tools\tool_box\Container_Manager_sub.py", line 69, in ssh
    c.get_transport().socket.settimeout(30)
    ^^^^^^^^^^^^^^^^^^^^^^^^
AttributeError: 'Transport' object has no attribute 'socket'. Did you mean: 'sock'?
2026-05-17 17:55:13,259 - INFO - [错误] 'Transport' object has no attribute 'socket'
